Determining if the pthread_create exist failed with the following output:
Change Dir: /home/zahid/dd2419_ws/build/part3/CMakeFiles/CMakeTmp

Run Build Command:"/usr/bin/make" "cmTC_cc599/fast"
/usr/bin/make -f CMakeFiles/cmTC_cc599.dir/build.make CMakeFiles/cmTC_cc599.dir/build
make[1]: Entering directory '/home/zahid/dd2419_ws/build/part3/CMakeFiles/CMakeTmp'
Building C object CMakeFiles/cmTC_cc599.dir/CheckSymbolExists.c.o
/usr/bin/cc    -o CMakeFiles/cmTC_cc599.dir/CheckSymbolExists.c.o   -c /home/zahid/dd2419_ws/build/part3/CMakeFiles/CMakeTmp/CheckSymbolExists.c
Linking C executable cmTC_cc599
/usr/bin/cmake -E cmake_link_script CMakeFiles/cmTC_cc599.dir/link.txt --verbose=1
/usr/bin/cc      -rdynamic CMakeFiles/cmTC_cc599.dir/CheckSymbolExists.c.o  -o cmTC_cc599 
CMakeFiles/cmTC_cc599.dir/CheckSymbolExists.c.o: In function `main':
CheckSymbolExists.c:(.text+0x1b): undefined reference to `pthread_create'
collect2: error: ld returned 1 exit status
CMakeFiles/cmTC_cc599.dir/build.make:97: recipe for target 'cmTC_cc599' failed
make[1]: *** [cmTC_cc599] Error 1
make[1]: Leaving directory '/home/zahid/dd2419_ws/build/part3/CMakeFiles/CMakeTmp'
Makefile:126: recipe for target 'cmTC_cc599/fast' failed
make: *** [cmTC_cc599/fast] Error 2

File /home/zahid/dd2419_ws/build/part3/CMakeFiles/CMakeTmp/CheckSymbolExists.c:
/* */
#include <pthread.h>

int main(int argc, char** argv)
{
  (void)argv;
#ifndef pthread_create
  return ((int*)(&pthread_create))[argc];
#else
  (void)argc;
  return 0;
#endif
}

Determining if the function pthread_create exists in the pthreads failed with the following output:
Change Dir: /home/zahid/dd2419_ws/build/part3/CMakeFiles/CMakeTmp

Run Build Command:"/usr/bin/make" "cmTC_ad310/fast"
/usr/bin/make -f CMakeFiles/cmTC_ad310.dir/build.make CMakeFiles/cmTC_ad310.dir/build
make[1]: Entering directory '/home/zahid/dd2419_ws/build/part3/CMakeFiles/CMakeTmp'
Building C object CMakeFiles/cmTC_ad310.dir/CheckFunctionExists.c.o
/usr/bin/cc   -DCHECK_FUNCTION_EXISTS=pthread_create   -o CMakeFiles/cmTC_ad310.dir/CheckFunctionExists.c.o   -c /usr/share/cmake-3.10/Modules/CheckFunctionExists.c
Linking C executable cmTC_ad310
/usr/bin/cmake -E cmake_link_script CMakeFiles/cmTC_ad310.dir/link.txt --verbose=1
/usr/bin/cc  -DCHECK_FUNCTION_EXISTS=pthread_create    -rdynamic CMakeFiles/cmTC_ad310.dir/CheckFunctionExists.c.o  -o cmTC_ad310 -lpthreads 
/usr/bin/ld: cannot find -lpthreads
collect2: error: ld returned 1 exit status
CMakeFiles/cmTC_ad310.dir/build.make:97: recipe for target 'cmTC_ad310' failed
make[1]: *** [cmTC_ad310] Error 1
make[1]: Leaving directory '/home/zahid/dd2419_ws/build/part3/CMakeFiles/CMakeTmp'
Makefile:126: recipe for target 'cmTC_ad310/fast' failed
make: *** [cmTC_ad310/fast] Error 2


