Symlinking /home/zahid/dd2419_ws/devel/lib/pkgconfig/aruco_msgs.pc
Symlinking /home/zahid/dd2419_ws/devel/lib/python2.7/dist-packages/aruco_msgs/__init__.py
Symlinking /home/zahid/dd2419_ws/devel/lib/python2.7/dist-packages/aruco_msgs/msg/__init__.py
Symlinking /home/zahid/dd2419_ws/devel/lib/python2.7/dist-packages/aruco_msgs/msg/_Marker.py
Symlinking /home/zahid/dd2419_ws/devel/lib/python2.7/dist-packages/aruco_msgs/msg/_MarkerArray.py
Symlinking /home/zahid/dd2419_ws/devel/include/aruco_msgs/Marker.h
Symlinking /home/zahid/dd2419_ws/devel/include/aruco_msgs/MarkerArray.h
Symlinking /home/zahid/dd2419_ws/devel/share/common-lisp/ros/aruco_msgs/msg/MarkerArray.lisp
Symlinking /home/zahid/dd2419_ws/devel/share/common-lisp/ros/aruco_msgs/msg/_package.lisp
Symlinking /home/zahid/dd2419_ws/devel/share/common-lisp/ros/aruco_msgs/msg/_package_MarkerArray.lisp
Symlinking /home/zahid/dd2419_ws/devel/share/common-lisp/ros/aruco_msgs/msg/_package_Marker.lisp
Symlinking /home/zahid/dd2419_ws/devel/share/common-lisp/ros/aruco_msgs/msg/Marker.lisp
Symlinking /home/zahid/dd2419_ws/devel/share/common-lisp/ros/aruco_msgs/msg/aruco_msgs-msg.asd
Symlinking /home/zahid/dd2419_ws/devel/share/gennodejs/ros/aruco_msgs/_index.js
Symlinking /home/zahid/dd2419_ws/devel/share/gennodejs/ros/aruco_msgs/msg/_index.js
Symlinking /home/zahid/dd2419_ws/devel/share/gennodejs/ros/aruco_msgs/msg/MarkerArray.js
Symlinking /home/zahid/dd2419_ws/devel/share/gennodejs/ros/aruco_msgs/msg/Marker.js
Symlinking /home/zahid/dd2419_ws/devel/share/aruco_msgs/cmake/aruco_msgs-msg-paths.cmake
Symlinking /home/zahid/dd2419_ws/devel/share/aruco_msgs/cmake/aruco_msgs-msg-extras.cmake
Symlinking /home/zahid/dd2419_ws/devel/share/aruco_msgs/cmake/aruco_msgsConfig.cmake
Symlinking /home/zahid/dd2419_ws/devel/share/aruco_msgs/cmake/aruco_msgsConfig-version.cmake
Symlinking /home/zahid/dd2419_ws/devel/share/roseus/ros/aruco_msgs/manifest.l
Symlinking /home/zahid/dd2419_ws/devel/share/roseus/ros/aruco_msgs/msg/MarkerArray.l
Symlinking /home/zahid/dd2419_ws/devel/share/roseus/ros/aruco_msgs/msg/Marker.l
