Determining if the pthread_create exist failed with the following output:
Change Dir: /home/zahid/dd2419_ws/build/part2/CMakeFiles/CMakeTmp

Run Build Command:"/usr/bin/make" "cmTC_516ca/fast"
/usr/bin/make -f CMakeFiles/cmTC_516ca.dir/build.make CMakeFiles/cmTC_516ca.dir/build
make[1]: Entering directory '/home/zahid/dd2419_ws/build/part2/CMakeFiles/CMakeTmp'
Building C object CMakeFiles/cmTC_516ca.dir/CheckSymbolExists.c.o
/usr/bin/cc    -o CMakeFiles/cmTC_516ca.dir/CheckSymbolExists.c.o   -c /home/zahid/dd2419_ws/build/part2/CMakeFiles/CMakeTmp/CheckSymbolExists.c
Linking C executable cmTC_516ca
/usr/bin/cmake -E cmake_link_script CMakeFiles/cmTC_516ca.dir/link.txt --verbose=1
/usr/bin/cc      -rdynamic CMakeFiles/cmTC_516ca.dir/CheckSymbolExists.c.o  -o cmTC_516ca 
CMakeFiles/cmTC_516ca.dir/CheckSymbolExists.c.o: In function `main':
CheckSymbolExists.c:(.text+0x1b): undefined reference to `pthread_create'
collect2: error: ld returned 1 exit status
CMakeFiles/cmTC_516ca.dir/build.make:97: recipe for target 'cmTC_516ca' failed
make[1]: *** [cmTC_516ca] Error 1
make[1]: Leaving directory '/home/zahid/dd2419_ws/build/part2/CMakeFiles/CMakeTmp'
Makefile:126: recipe for target 'cmTC_516ca/fast' failed
make: *** [cmTC_516ca/fast] Error 2

File /home/zahid/dd2419_ws/build/part2/CMakeFiles/CMakeTmp/CheckSymbolExists.c:
/* */
#include <pthread.h>

int main(int argc, char** argv)
{
  (void)argv;
#ifndef pthread_create
  return ((int*)(&pthread_create))[argc];
#else
  (void)argc;
  return 0;
#endif
}

Determining if the function pthread_create exists in the pthreads failed with the following output:
Change Dir: /home/zahid/dd2419_ws/build/part2/CMakeFiles/CMakeTmp

Run Build Command:"/usr/bin/make" "cmTC_8733d/fast"
/usr/bin/make -f CMakeFiles/cmTC_8733d.dir/build.make CMakeFiles/cmTC_8733d.dir/build
make[1]: Entering directory '/home/zahid/dd2419_ws/build/part2/CMakeFiles/CMakeTmp'
Building C object CMakeFiles/cmTC_8733d.dir/CheckFunctionExists.c.o
/usr/bin/cc   -DCHECK_FUNCTION_EXISTS=pthread_create   -o CMakeFiles/cmTC_8733d.dir/CheckFunctionExists.c.o   -c /usr/share/cmake-3.10/Modules/CheckFunctionExists.c
Linking C executable cmTC_8733d
/usr/bin/cmake -E cmake_link_script CMakeFiles/cmTC_8733d.dir/link.txt --verbose=1
/usr/bin/cc  -DCHECK_FUNCTION_EXISTS=pthread_create    -rdynamic CMakeFiles/cmTC_8733d.dir/CheckFunctionExists.c.o  -o cmTC_8733d -lpthreads 
/usr/bin/ld: cannot find -lpthreads
collect2: error: ld returned 1 exit status
CMakeFiles/cmTC_8733d.dir/build.make:97: recipe for target 'cmTC_8733d' failed
make[1]: *** [cmTC_8733d] Error 1
make[1]: Leaving directory '/home/zahid/dd2419_ws/build/part2/CMakeFiles/CMakeTmp'
Makefile:126: recipe for target 'cmTC_8733d/fast' failed
make: *** [cmTC_8733d/fast] Error 2


