Determining if the pthread_create exist failed with the following output:
Change Dir: /home/zahid/dd2419_ws/build/dd2419_launch/CMakeFiles/CMakeTmp

Run Build Command:"/usr/bin/make" "cmTC_9fc1f/fast"
/usr/bin/make -f CMakeFiles/cmTC_9fc1f.dir/build.make CMakeFiles/cmTC_9fc1f.dir/build
make[1]: Entering directory '/home/zahid/dd2419_ws/build/dd2419_launch/CMakeFiles/CMakeTmp'
Building C object CMakeFiles/cmTC_9fc1f.dir/CheckSymbolExists.c.o
/usr/bin/cc    -o CMakeFiles/cmTC_9fc1f.dir/CheckSymbolExists.c.o   -c /home/zahid/dd2419_ws/build/dd2419_launch/CMakeFiles/CMakeTmp/CheckSymbolExists.c
Linking C executable cmTC_9fc1f
/usr/bin/cmake -E cmake_link_script CMakeFiles/cmTC_9fc1f.dir/link.txt --verbose=1
/usr/bin/cc      -rdynamic CMakeFiles/cmTC_9fc1f.dir/CheckSymbolExists.c.o  -o cmTC_9fc1f 
CMakeFiles/cmTC_9fc1f.dir/CheckSymbolExists.c.o: In function `main':
CheckSymbolExists.c:(.text+0x1b): undefined reference to `pthread_create'
collect2: error: ld returned 1 exit status
CMakeFiles/cmTC_9fc1f.dir/build.make:97: recipe for target 'cmTC_9fc1f' failed
make[1]: *** [cmTC_9fc1f] Error 1
make[1]: Leaving directory '/home/zahid/dd2419_ws/build/dd2419_launch/CMakeFiles/CMakeTmp'
Makefile:126: recipe for target 'cmTC_9fc1f/fast' failed
make: *** [cmTC_9fc1f/fast] Error 2

File /home/zahid/dd2419_ws/build/dd2419_launch/CMakeFiles/CMakeTmp/CheckSymbolExists.c:
/* */
#include <pthread.h>

int main(int argc, char** argv)
{
  (void)argv;
#ifndef pthread_create
  return ((int*)(&pthread_create))[argc];
#else
  (void)argc;
  return 0;
#endif
}

Determining if the function pthread_create exists in the pthreads failed with the following output:
Change Dir: /home/zahid/dd2419_ws/build/dd2419_launch/CMakeFiles/CMakeTmp

Run Build Command:"/usr/bin/make" "cmTC_b7d26/fast"
/usr/bin/make -f CMakeFiles/cmTC_b7d26.dir/build.make CMakeFiles/cmTC_b7d26.dir/build
make[1]: Entering directory '/home/zahid/dd2419_ws/build/dd2419_launch/CMakeFiles/CMakeTmp'
Building C object CMakeFiles/cmTC_b7d26.dir/CheckFunctionExists.c.o
/usr/bin/cc   -DCHECK_FUNCTION_EXISTS=pthread_create   -o CMakeFiles/cmTC_b7d26.dir/CheckFunctionExists.c.o   -c /usr/share/cmake-3.10/Modules/CheckFunctionExists.c
Linking C executable cmTC_b7d26
/usr/bin/cmake -E cmake_link_script CMakeFiles/cmTC_b7d26.dir/link.txt --verbose=1
/usr/bin/cc  -DCHECK_FUNCTION_EXISTS=pthread_create    -rdynamic CMakeFiles/cmTC_b7d26.dir/CheckFunctionExists.c.o  -o cmTC_b7d26 -lpthreads 
/usr/bin/ld: cannot find -lpthreads
collect2: error: ld returned 1 exit status
CMakeFiles/cmTC_b7d26.dir/build.make:97: recipe for target 'cmTC_b7d26' failed
make[1]: *** [cmTC_b7d26] Error 1
make[1]: Leaving directory '/home/zahid/dd2419_ws/build/dd2419_launch/CMakeFiles/CMakeTmp'
Makefile:126: recipe for target 'cmTC_b7d26/fast' failed
make: *** [cmTC_b7d26/fast] Error 2


